Arguments: 
  /usr/bin/node /usr/bin/yarn add closest-match

PATH: 
  /usr/local/bin:/usr/local/sbin:/usr/bin:/usr/lib/jvm/default/bin:/usr/bin/site_perl:/usr/bin/vendor_perl:/usr/bin/core_perl:/home/alex/.yarn/bin:/home/alex/.yarn/bin

Yarn version: 
  1.12.1

Node version: 
  11.0.0

Platform: 
  linux x64

Trace: 
  Error: https://registry.yarnpkg.com/closest-match: Not found
      at Request.params.callback [as _callback] (/usr/lib/node_modules/yarn/lib/cli.js:63139:18)
      at Request.self.callback (/usr/lib/node_modules/yarn/lib/cli.js:124547:22)
      at Request.emit (events.js:182:13)
      at Request.<anonymous> (/usr/lib/node_modules/yarn/lib/cli.js:125519:10)
      at Request.emit (events.js:182:13)
      at IncomingMessage.<anonymous> (/usr/lib/node_modules/yarn/lib/cli.js:125441:12)
      at Object.onceWrapper (events.js:273:13)
      at IncomingMessage.emit (events.js:187:15)
      at endReadableNT (_stream_readable.js:1094:12)
      at process.internalTickCallback (internal/process/next_tick.js:72:19)

npm manifest: 
  {
    "name": "chno",
    "version": "1.0.0",
    "main": "index.js",
    "license": "MIT",
    "dependencies": {
      "arraysearch": "^1.2.0",
      "csv-parse": "^3.2.0"
    }
  }

yarn manifest: 
  No manifest

Lockfile: 
  # THIS IS AN AUTOGENERATED FILE. DO NOT EDIT THIS FILE DIRECTLY.
  # yarn lockfile v1
  
  
  arraysearch@^1.2.0:
    version "1.2.0"
    resolved "https://registry.yarnpkg.com/arraysearch/-/arraysearch-1.2.0.tgz#b625f44d9a1a05b99205bcc7413943798841e13d"
    integrity sha1-tiX0TZoaBbmSBbzHQTlDeYhB4T0=
  
  csv-parse@^3.2.0:
    version "3.2.0"
    resolved "https://registry.yarnpkg.com/csv-parse/-/csv-parse-3.2.0.tgz#9043b5921e7ecd5e3110947df1ef00d290dbeca7"
    integrity sha512-1IBQ7PYHc5h6AXS4nyGsmicttbpUbNvlsgKxhvouh+kRaVug8xBWSiIeWdbPUQgjKG88hEGYjdU29fX73mo+6Q==
